0 info it worked if it ends with ok
1 verbose cli [ '/usr/bin/node', '/usr/bin/npm', 'start' ]
2 info using npm@6.13.4
3 info using node@v10.19.0
4 verbose run-script [ 'prestart', 'start', 'poststart' ]
5 info lifecycle frontend@0.1.0~prestart: frontend@0.1.0
6 info lifecycle frontend@0.1.0~start: frontend@0.1.0
7 verbose lifecycle frontend@0.1.0~start: unsafe-perm in lifecycle true
8 verbose lifecycle frontend@0.1.0~start: PATH: /usr/lib/node_modules/npm/node_modules/npm-lifecycle/node-gyp-bin:/var/www/frontend/node_modules/.bin:/usr/local/sbin:/usr/local/bin:/usr/sbin:/usr/bin:/sbin:/bin
9 verbose lifecycle frontend@0.1.0~start: CWD: /var/www/frontend
10 silly lifecycle frontend@0.1.0~start: Args: [ '-c', 'react-scripts start' ]
11 silly lifecycle frontend@0.1.0~start: Returned: code: 1  signal: null
12 info lifecycle frontend@0.1.0~start: Failed to exec start script
13 verbose stack Error: frontend@0.1.0 start: `react-scripts start`
13 verbose stack Exit status 1
13 verbose stack     at EventEmitter.<anonymous> (/usr/lib/node_modules/npm/node_modules/npm-lifecycle/index.js:332:16)
13 verbose stack     at EventEmitter.emit (events.js:198:13)
13 verbose stack     at ChildProcess.<anonymous> (/usr/lib/node_modules/npm/node_modules/npm-lifecycle/lib/spawn.js:55:14)
13 verbose stack     at ChildProcess.emit (events.js:198:13)
13 verbose stack     at maybeClose (internal/child_process.js:982:16)
13 verbose stack     at Process.ChildProcess._handle.onexit (internal/child_process.js:259:5)
14 verbose pkgid frontend@0.1.0
15 verbose cwd /var/www/frontend
16 verbose Linux 5.4.0-42-generic
17 verbose argv "/usr/bin/node" "/usr/bin/npm" "start"
18 verbose node v10.19.0
19 verbose npm  v6.13.4
20 error code ELIFECYCLE
21 error errno 1
22 error frontend@0.1.0 start: `react-scripts start`
22 error Exit status 1
23 error Failed at the frontend@0.1.0 start script.
23 error This is probably not a problem with npm. There is likely additional logging output above.
24 verbose exit [ 1, true ]
